<?xml version="1.0" encoding="UTF-8"?>
<!-- Generated by org.testng.reporters.JUnitReportReporter -->
<testsuite skipped="0" hostname="Munna-Yadavs-MacBook-Pro.local" name="webqa.ensurity.testCases.FourWheeler" tests="2" failures="0" timestamp="2021-06-28T15:41:38 IST" time="491.440" errors="0">
  <testcase name="verify4wRolloverPolicyPurchageWithDigitBeforeJuly2018" time="270.536" classname="webqa.ensurity.testCases.FourWheeler"/>
  <system-out/>
  <testcase name="verify4wRolloverPolicyPurchageWithDigitBeforeJuly2018" time="220.904" classname="webqa.ensurity.testCases.FourWheeler"/>
  <system-out/>
</testsuite> <!-- webqa.ensurity.testCases.FourWheeler -->
