<?xml version="1.0" encoding="UTF-8"?>
<!-- Generated by org.testng.reporters.JUnitReportReporter -->
<testsuite skipped="0" hostname="Munna-Yadavs-MacBook-Pro.local" name="TwoWheeler" tests="2" failures="0" timestamp="2021-05-03T00:17:39 IST" time="50.584" errors="0">
  <testcase name="tetew" time="17.797" classname="TwoWheeler"/>
  <system-out/>
  <testcase name="tete" time="32.787" classname="TwoWheeler"/>
  <system-out/>
</testsuite> <!-- TwoWheeler -->
