<?xml version="1.0" encoding="UTF-8"?>
<!-- Generated by org.testng.reporters.JUnitReportReporter -->
<testsuite skipped="0" hostname="Munna-Yadavs-MacBook-Pro.local" name="webqa.ensurity.testCases.TwoWheeler" tests="2" failures="0" timestamp="2021-06-23T12:29:15 IST" time="409.173" errors="0">
  <testcase name="verify2wBreakInPolicyPurchageWithHdfcErgo" time="191.327" classname="webqa.ensurity.testCases.TwoWheeler"/>
  <system-out/>
  <testcase name="verify2wBreakInPolicyPurchageWithHdfcErgo" time="217.846" classname="webqa.ensurity.testCases.TwoWheeler"/>
  <system-out/>
</testsuite> <!-- webqa.ensurity.testCases.TwoWheeler -->
