<?xml version="1.0" encoding="UTF-8"?>
<!-- Generated by org.testng.reporters.JUnitReportReporter -->
<testsuite skipped="0" hostname="Munna-Yadavs-MacBook-Pro.local" name="com.inetbanking.testCases.TwoW" tests="2" failures="0" timestamp="2021-05-02T04:42:22 IST" time="21.493" errors="0">
  <testcase name="eew" time="8.266" classname="com.inetbanking.testCases.TwoW"/>
  <system-out/>
  <testcase name="eew23" time="13.227" classname="com.inetbanking.testCases.TwoW"/>
  <system-out/>
</testsuite> <!-- com.inetbanking.testCases.TwoW -->
